<?xml version="1.0" encoding="UTF-8"?>
<!-- Generated by org.testng.reporters.JUnitXMLReporter -->
<testsuite hostname="mohammeds-MBP" ignored="2" name="LoginTest" tests="1" failures="0" timestamp="08 Feb 2019 05:58:28 GMT" time="3.668" errors="0">
  <testcase name="loginAsBankManager" time="3.655" classname="com.w2a.testcases.BankManagerLogin"/>
  <testcase name="@BeforeSuite setUp" time="0.0" classname="com.w2a.base.TestBase">
    <ignored/>
  </testcase> <!-- @BeforeSuite setUp -->
  <testcase name="@AfterSuite tearDown" time="0.0" classname="com.w2a.base.TestBase">
    <ignored/>
  </testcase> <!-- @AfterSuite tearDown -->
</testsuite> <!-- LoginTest -->
