<?xml version="1.0" encoding="UTF-8"?>
<testng-results skipped="0" failed="0" ignored="2" total="3" passed="1">
  <reporter-output>
  </reporter-output>
  <suite name="Data Driven Basics" duration-ms="3668" started-at="2019-02-08T05:58:24Z" finished-at="2019-02-08T05:58:28Z">
    <groups>
    </groups>
    <test name="LoginTest" duration-ms="3668" started-at="2019-02-08T05:58:24Z" finished-at="2019-02-08T05:58:28Z">
      <class name="com.w2a.testcases.BankManagerLogin">
        <test-method status="PASS" signature="loginAsBankManager()[pri:0, instance:com.w2a.testcases.BankManagerLogin@887af79]" name="loginAsBankManager" duration-ms="3655" started-at="2019-02-08T00:58:24Z" finished-at="2019-02-08T00:58:28Z">
          <reporter-output>
          </reporter-output>
        </test-method> <!-- loginAsBankManager -->
      </class> <!-- com.w2a.testcases.BankManagerLogin -->
      <class name="com.w2a.base.TestBase">
        <test-method status="PASS" signature="setUp()[pri:0, instance:com.w2a.base.TestBase@7b49cea0]" name="setUp" is-config="true" duration-ms="4091" started-at="2019-02-08T00:58:20Z" finished-at="2019-02-08T00:58:24Z">
          <reporter-output>
          </reporter-output>
        </test-method> <!-- setUp -->
        <test-method status="PASS" signature="tearDown()[pri:0, instance:com.w2a.base.TestBase@7b49cea0]" name="tearDown" is-config="true" duration-ms="90" started-at="2019-02-08T00:58:28Z" finished-at="2019-02-08T00:58:28Z">
          <reporter-output>
          </reporter-output>
        </test-method> <!-- tearDown -->
      </class> <!-- com.w2a.base.TestBase -->
    </test> <!-- LoginTest -->
  </suite> <!-- Data Driven Basics -->
</testng-results>
