<?xml version="1.0" encoding="UTF-8"?>
<testng-results skipped="0" failed="0" ignored="0" total="1" passed="1">
  <reporter-output>
  </reporter-output>
  <suite name="Suite" duration-ms="17408" started-at="2019-02-26T08:31:41Z" finished-at="2019-02-26T08:31:59Z">
    <groups>
      <group name="cucumber">
        <method signature="AbstractTestNGCucumberTests.feature(cucumber.api.testng.CucumberFeatureWrapper)[pri:0, instance:runner.RunCuke@2b98378d]" name="feature" class="cucumber.api.testng.AbstractTestNGCucumberTests"/>
      </group> <!-- cucumber -->
    </groups>
    <test name="Test" duration-ms="17408" started-at="2019-02-26T08:31:41Z" finished-at="2019-02-26T08:31:59Z">
      <class name="runner.RunCuke">
        <test-method status="PASS" signature="setUpClass()[pri:0, instance:runner.RunCuke@2b98378d]" name="setUpClass" is-config="true" duration-ms="185" started-at="2019-02-26T03:31:41Z" finished-at="2019-02-26T03:31:42Z">
          <reporter-output>
          </reporter-output>
        </test-method> <!-- setUpClass -->
        <test-method status="PASS" signature="feature(cucumber.api.testng.CucumberFeatureWrapper)[pri:0, instance:runner.RunCuke@2b98378d]" name="feature" duration-ms="17148" started-at="2019-02-26T03:31:42Z" description="Runs Cucumber Feature" data-provider="features" finished-at="2019-02-26T03:31:59Z">
          <params>
            <param index="0">
              <value>
                <![CDATA[working fine]]>
              </value>
            </param>
          </params>
          <reporter-output>
          </reporter-output>
        </test-method> <!-- feature -->
        <test-method status="PASS" signature="tearDownClass()[pri:0, instance:runner.RunCuke@2b98378d]" name="tearDownClass" is-config="true" duration-ms="4" started-at="2019-02-26T03:31:59Z" finished-at="2019-02-26T03:31:59Z">
          <reporter-output>
          </reporter-output>
        </test-method> <!-- tearDownClass -->
      </class> <!-- runner.RunCuke -->
    </test> <!-- Test -->
  </suite> <!-- Suite -->
</testng-results>
